  net_serial.cpp
d:\noobusdeer\proj\vvvv\lidar\sdk\sdk\sdk\include\rplidar_protocol.h(59): warning C4200: nonstandard extension used: zero-sized array in struct/union
  d:\noobusdeer\proj\vvvv\lidar\sdk\sdk\sdk\include\rplidar_protocol.h(59): note: This member will be ignored by a defaulted constructor or copy/move assignment operator
d:\noobusdeer\proj\vvvv\lidar\sdk\sdk\sdk\include\rplidar_cmd.h(213): warning C4200: nonstandard extension used: zero-sized array in struct/union
  d:\noobusdeer\proj\vvvv\lidar\sdk\sdk\sdk\include\rplidar_cmd.h(213): note: This member will be ignored by a defaulted constructor or copy/move assignment operator
  net_socket.cpp
d:\noobusdeer\proj\vvvv\lidar\sdk\sdk\sdk\include\rplidar_protocol.h(59): warning C4200: nonstandard extension used: zero-sized array in struct/union
  d:\noobusdeer\proj\vvvv\lidar\sdk\sdk\sdk\include\rplidar_protocol.h(59): note: This member will be ignored by a defaulted constructor or copy/move assignment operator
d:\noobusdeer\proj\vvvv\lidar\sdk\sdk\sdk\include\rplidar_cmd.h(213): warning C4200: nonstandard extension used: zero-sized array in struct/union
  d:\noobusdeer\proj\vvvv\lidar\sdk\sdk\sdk\include\rplidar_cmd.h(213): note: This member will be ignored by a defaulted constructor or copy/move assignment operator
  timer.cpp
d:\noobusdeer\proj\vvvv\lidar\sdk\sdk\sdk\include\rplidar_protocol.h(59): warning C4200: nonstandard extension used: zero-sized array in struct/union
  d:\noobusdeer\proj\vvvv\lidar\sdk\sdk\sdk\include\rplidar_protocol.h(59): note: This member will be ignored by a defaulted constructor or copy/move assignment operator
d:\noobusdeer\proj\vvvv\lidar\sdk\sdk\sdk\include\rplidar_cmd.h(213): warning C4200: nonstandard extension used: zero-sized array in struct/union
  d:\noobusdeer\proj\vvvv\lidar\sdk\sdk\sdk\include\rplidar_cmd.h(213): note: This member will be ignored by a defaulted constructor or copy/move assignment operator
  thread.cpp
d:\noobusdeer\proj\vvvv\lidar\sdk\sdk\sdk\include\rplidar_protocol.h(59): warning C4200: nonstandard extension used: zero-sized array in struct/union
  d:\noobusdeer\proj\vvvv\lidar\sdk\sdk\sdk\include\rplidar_protocol.h(59): note: This member will be ignored by a defaulted constructor or copy/move assignment operator
d:\noobusdeer\proj\vvvv\lidar\sdk\sdk\sdk\include\rplidar_cmd.h(213): warning C4200: nonstandard extension used: zero-sized array in struct/union
  d:\noobusdeer\proj\vvvv\lidar\sdk\sdk\sdk\include\rplidar_cmd.h(213): note: This member will be ignored by a defaulted constructor or copy/move assignment operator
  rplidar_driver.cpp
d:\noobusdeer\proj\vvvv\lidar\sdk\sdk\sdk\include\rplidar_protocol.h(59): warning C4200: nonstandard extension used: zero-sized array in struct/union
  d:\noobusdeer\proj\vvvv\lidar\sdk\sdk\sdk\include\rplidar_protocol.h(59): note: This member will be ignored by a defaulted constructor or copy/move assignment operator
d:\noobusdeer\proj\vvvv\lidar\sdk\sdk\sdk\include\rplidar_cmd.h(213): warning C4200: nonstandard extension used: zero-sized array in struct/union
  d:\noobusdeer\proj\vvvv\lidar\sdk\sdk\sdk\include\rplidar_cmd.h(213): note: This member will be ignored by a defaulted constructor or copy/move assignment operator
d:\noobusdeer\proj\vvvv\lidar\sdk\sdk\sdk\src\rplidar_driver.cpp(1684): warning C4267: 'initializing': conversion from 'size_t' to '_u8', possible loss of data
  rplidar_driver.vcxproj -> D:\noobusdeer\proj\VVVV\Lidar\SDK\sdk\workspaces\vc10\\..\..\output\win32\Release\rplidar_driver.lib
